<?xml version="1.0" encoding="UTF-8"?><testsuite errors="0" failures="0" name="com.videogame.videogameinfo.VideoGameCURDTestWithSteps" skipped="0" tests="4" time="7.3" timestamp="2021-07-21T09:46:26.897+01:00[Europe/London]"><testcase classname="com.videogame.videogameinfo.VideoGameCURDTestWithSteps" name="This will create new videogame"/><testcase classname="com.videogame.videogameinfo.VideoGameCURDTestWithSteps" name="This will get videogame by id"/><testcase classname="com.videogame.videogameinfo.VideoGameCURDTestWithSteps" name="This will update videogame by id"/><testcase classname="com.videogame.videogameinfo.VideoGameCURDTestWithSteps" name="This will delete videogame information by id"/></testsuite>